
@----------------------------------------------------------@
|        PLINK!       |     v1.07      |   10/Aug/2009     |
|----------------------------------------------------------|
|  (C) 2009 Shaun Purcell, GNU General Public License, v2  |
|----------------------------------------------------------|
|  For documentation, citation & bug-report instructions:  |
|        http://pngu.mgh.harvard.edu/purcell/plink/        |
@----------------------------------------------------------@

Skipping web check... [ --noweb ] 
Writing this text to log file [ binary.log ]
Analysis started: Tue Nov 10 14:54:29 2020

Options in effect:
	--file plinkfile
	--make-bed
	--out binary
	--noweb

3179582 (of 3179582) markers to be included from [ plinkfile.map ]
Warning, found 120 individuals with ambiguous sex codes
Writing list of these individuals to [ binary.nosex ]
120 individuals read from [ plinkfile.ped ] 
0 individuals with nonmissing phenotypes
Assuming a disease phenotype (1=unaff, 2=aff, 0=miss)
Missing phenotype value is also -9
0 cases, 0 controls and 120 missing
0 males, 0 females, and 120 of unspecified sex
Before frequency and genotyping pruning, there are 3179582 SNPs
120 founders and 0 non-founders found
12 SNPs with no founder genotypes observed
Warning, MAF set to 0 for these SNPs (see --nonfounders)
Writing list of these SNPs to [ binary.nof ]
Total genotyping rate in remaining individuals is 0.948686
0 SNPs failed missingness test ( GENO > 1 )
0 SNPs failed frequency test ( MAF < 0 )
After frequency and genotyping pruning, there are 3179582 SNPs
After filtering, 0 cases, 0 controls and 120 missing
After filtering, 0 males, 0 females, and 120 of unspecified sex
Writing pedigree information to [ binary.fam ] 
Writing map (extended format) information to [ binary.bim ] 
Writing genotype bitfile to [ binary.bed ] 
Using (default) SNP-major mode

Analysis finished: Tue Nov 10 14:56:43 2020

